c:\users\shiro\documents\39956b37-gr82-repo\projekt\algorytmdarwina\algorytmdarwina\debug\vc141.pdb
c:\users\shiro\documents\39956b37-gr82-repo\projekt\algorytmdarwina\algorytmdarwina\debug\vc141.idb
c:\users\shiro\documents\39956b37-gr82-repo\projekt\algorytmdarwina\algorytmdarwina\debug\main.obj
c:\users\shiro\documents\39956b37-gr82-repo\projekt\algorytmdarwina\algorytmdarwina\debug\pokaz_obecna_generacje.obj
c:\users\shiro\documents\39956b37-gr82-repo\projekt\algorytmdarwina\algorytmdarwina\debug\wspolczynnik.obj
c:\users\shiro\documents\39956b37-gr82-repo\projekt\algorytmdarwina\algorytmdarwina\debug\wczytywanie_pliku.obj
c:\users\shiro\documents\39956b37-gr82-repo\projekt\algorytmdarwina\algorytmdarwina\debug\eugenika.obj
c:\users\shiro\documents\39956b37-gr82-repo\projekt\algorytmdarwina\algorytmdarwina\debug\dodawanie_generacji.obj
c:\users\shiro\documents\39956b37-gr82-repo\projekt\algorytmdarwina\algorytmdarwina\debug\lista_polecen.obj
c:\users\shiro\documents\39956b37-gr82-repo\projekt\algorytmdarwina\debug\algorytmdarwina.exe
c:\users\shiro\documents\39956b37-gr82-repo\projekt\algorytmdarwina\debug\algorytmdarwina.ilk
c:\users\shiro\documents\39956b37-gr82-repo\projekt\algorytmdarwina\debug\algorytmdarwina.pdb
c:\users\shiro\documents\39956b37-gr82-repo\projekt\algorytmdarwina\algorytmdarwina\debug\algorytmdarwina.obj
c:\users\shiro\documents\39956b37-gr82-repo\projekt\algorytmdarwina\algorytmdarwina\debug\eugenika.obj.enc
c:\users\shiro\documents\39956b37-gr82-repo\projekt\algorytmdarwina\algorytmdarwina\debug\main.obj.enc
c:\users\shiro\documents\39956b37-gr82-repo\projekt\algorytmdarwina\algorytmdarwina\debug\pokaz_obecna_generacje.obj.enc
c:\users\shiro\documents\39956b37-gr82-repo\projekt\algorytmdarwina\algorytmdarwina\debug\wczytajgeneracje.obj.enc
c:\users\shiro\documents\39956b37-gr82-repo\projekt\algorytmdarwina\algorytmdarwina\debug\algorytmdarwina.tlog\cl.command.1.tlog
c:\users\shiro\documents\39956b37-gr82-repo\projekt\algorytmdarwina\algorytmdarwina\debug\algorytmdarwina.tlog\cl.read.1.tlog
c:\users\shiro\documents\39956b37-gr82-repo\projekt\algorytmdarwina\algorytmdarwina\debug\algorytmdarwina.tlog\cl.write.1.tlog
c:\users\shiro\documents\39956b37-gr82-repo\projekt\algorytmdarwina\algorytmdarwina\debug\algorytmdarwina.tlog\link.command.1.tlog
c:\users\shiro\documents\39956b37-gr82-repo\projekt\algorytmdarwina\algorytmdarwina\debug\algorytmdarwina.tlog\link.read.1.tlog
c:\users\shiro\documents\39956b37-gr82-repo\projekt\algorytmdarwina\algorytmdarwina\debug\algorytmdarwina.tlog\link.write.1.tlog
